{"/Users/russelsy/Desktop/fullstackopen/playground/src/App.jsx": {"path":"/Users/russelsy/Desktop/fullstackopen/playground/src/App.jsx","statementMap":{"0":{"start":{"line":10,"column":12},"end":{"line":116,"column":1}},"1":{"start":{"line":11,"column":28},"end":{"line":11,"column":40}},"2":{"start":{"line":12,"column":32},"end":{"line":12,"column":46}},"3":{"start":{"line":13,"column":42},"end":{"line":13,"column":56}},"4":{"start":{"line":14,"column":25},"end":{"line":14,"column":39}},"5":{"start":{"line":16,"column":2},"end":{"line":20,"column":8}},"6":{"start":{"line":17,"column":4},"end":{"line":19,"column":43}},"7":{"start":{"line":19,"column":24},"end":{"line":19,"column":42}},"8":{"start":{"line":22,"column":1},"end":{"line":29,"column":7}},"9":{"start":{"line":23,"column":25},"end":{"line":23,"column":73}},"10":{"start":{"line":24,"column":2},"end":{"line":28,"column":3}},"11":{"start":{"line":25,"column":16},"end":{"line":25,"column":42}},"12":{"start":{"line":26,"column":3},"end":{"line":26,"column":16}},"13":{"start":{"line":27,"column":3},"end":{"line":27,"column":35}},"14":{"start":{"line":31,"column":29},"end":{"line":45,"column":3}},"15":{"start":{"line":32,"column":17},"end":{"line":32,"column":51}},"16":{"start":{"line":32,"column":36},"end":{"line":32,"column":50}},"17":{"start":{"line":33,"column":24},"end":{"line":33,"column":61}},"18":{"start":{"line":35,"column":4},"end":{"line":44,"column":8}},"19":{"start":{"line":38,"column":8},"end":{"line":38,"column":69}},"20":{"start":{"line":38,"column":35},"end":{"line":38,"column":67}},"21":{"start":{"line":41,"column":8},"end":{"line":41,"column":75}},"22":{"start":{"line":42,"column":4},"end":{"line":42,"column":24}},"23":{"start":{"line":43,"column":8},"end":{"line":43,"column":54}},"24":{"start":{"line":43,"column":38},"end":{"line":43,"column":52}},"25":{"start":{"line":47,"column":17},"end":{"line":54,"column":2}},"26":{"start":{"line":48,"column":2},"end":{"line":48,"column":40}},"27":{"start":{"line":49,"column":2},"end":{"line":53,"column":5}},"28":{"start":{"line":52,"column":4},"end":{"line":52,"column":36}},"29":{"start":{"line":56,"column":21},"end":{"line":68,"column":2}},"30":{"start":{"line":57,"column":2},"end":{"line":67,"column":3}},"31":{"start":{"line":58,"column":22},"end":{"line":58,"column":70}},"32":{"start":{"line":59,"column":3},"end":{"line":59,"column":79}},"33":{"start":{"line":60,"column":3},"end":{"line":60,"column":41}},"34":{"start":{"line":61,"column":3},"end":{"line":61,"column":22}},"35":{"start":{"line":63,"column":3},"end":{"line":63,"column":39}},"36":{"start":{"line":64,"column":3},"end":{"line":66,"column":11}},"37":{"start":{"line":65,"column":4},"end":{"line":65,"column":25}},"38":{"start":{"line":70,"column":22},"end":{"line":70,"column":85}},"39":{"start":{"line":70,"column":61},"end":{"line":70,"column":84}},"40":{"start":{"line":72,"column":21},"end":{"line":72,"column":29}},"41":{"start":{"line":74,"column":18},"end":{"line":80,"column":2}},"42":{"start":{"line":75,"column":2},"end":{"line":79,"column":3}},"43":{"start":{"line":82,"column":19},"end":{"line":88,"column":2}},"44":{"start":{"line":83,"column":2},"end":{"line":87,"column":3}},"45":{"start":{"line":91,"column":2},"end":{"line":115,"column":3}},"46":{"start":{"line":107,"column":31},"end":{"line":107,"column":51}},"47":{"start":{"line":112,"column":33},"end":{"line":112,"column":119}},"48":{"start":{"line":112,"column":89},"end":{"line":112,"column":116}}},"fnMap":{"0":{"name":"(anonymous_0)","decl":{"start":{"line":10,"column":12},"end":{"line":10,"column":13}},"loc":{"start":{"line":10,"column":18},"end":{"line":116,"column":1}},"line":10},"1":{"name":"(anonymous_1)","decl":{"start":{"line":16,"column":12},"end":{"line":16,"column":13}},"loc":{"start":{"line":16,"column":18},"end":{"line":20,"column":3}},"line":16},"2":{"name":"(anonymous_2)","decl":{"start":{"line":19,"column":12},"end":{"line":19,"column":13}},"loc":{"start":{"line":19,"column":24},"end":{"line":19,"column":42}},"line":19},"3":{"name":"(anonymous_3)","decl":{"start":{"line":22,"column":11},"end":{"line":22,"column":12}},"loc":{"start":{"line":22,"column":17},"end":{"line":29,"column":2}},"line":22},"4":{"name":"(anonymous_4)","decl":{"start":{"line":31,"column":29},"end":{"line":31,"column":30}},"loc":{"start":{"line":31,"column":37},"end":{"line":45,"column":3}},"line":31},"5":{"name":"(anonymous_5)","decl":{"start":{"line":32,"column":28},"end":{"line":32,"column":29}},"loc":{"start":{"line":32,"column":36},"end":{"line":32,"column":50}},"line":32},"6":{"name":"(anonymous_6)","decl":{"start":{"line":37,"column":12},"end":{"line":37,"column":13}},"loc":{"start":{"line":37,"column":24},"end":{"line":39,"column":7}},"line":37},"7":{"name":"(anonymous_7)","decl":{"start":{"line":38,"column":27},"end":{"line":38,"column":28}},"loc":{"start":{"line":38,"column":35},"end":{"line":38,"column":67}},"line":38},"8":{"name":"(anonymous_8)","decl":{"start":{"line":40,"column":13},"end":{"line":40,"column":14}},"loc":{"start":{"line":40,"column":20},"end":{"line":44,"column":7}},"line":40},"9":{"name":"(anonymous_9)","decl":{"start":{"line":43,"column":30},"end":{"line":43,"column":31}},"loc":{"start":{"line":43,"column":38},"end":{"line":43,"column":52}},"line":43},"10":{"name":"(anonymous_10)","decl":{"start":{"line":47,"column":17},"end":{"line":47,"column":18}},"loc":{"start":{"line":47,"column":33},"end":{"line":54,"column":2}},"line":47},"11":{"name":"(anonymous_11)","decl":{"start":{"line":51,"column":9},"end":{"line":51,"column":10}},"loc":{"start":{"line":51,"column":21},"end":{"line":53,"column":4}},"line":51},"12":{"name":"(anonymous_12)","decl":{"start":{"line":56,"column":21},"end":{"line":56,"column":22}},"loc":{"start":{"line":56,"column":55},"end":{"line":68,"column":2}},"line":56},"13":{"name":"(anonymous_13)","decl":{"start":{"line":64,"column":14},"end":{"line":64,"column":15}},"loc":{"start":{"line":64,"column":20},"end":{"line":66,"column":4}},"line":64},"14":{"name":"(anonymous_14)","decl":{"start":{"line":70,"column":53},"end":{"line":70,"column":54}},"loc":{"start":{"line":70,"column":61},"end":{"line":70,"column":84}},"line":70},"15":{"name":"(anonymous_15)","decl":{"start":{"line":74,"column":18},"end":{"line":74,"column":19}},"loc":{"start":{"line":74,"column":24},"end":{"line":80,"column":2}},"line":74},"16":{"name":"(anonymous_16)","decl":{"start":{"line":82,"column":19},"end":{"line":82,"column":20}},"loc":{"start":{"line":82,"column":25},"end":{"line":88,"column":2}},"line":82},"17":{"name":"(anonymous_17)","decl":{"start":{"line":107,"column":25},"end":{"line":107,"column":26}},"loc":{"start":{"line":107,"column":31},"end":{"line":107,"column":51}},"line":107},"18":{"name":"(anonymous_18)","decl":{"start":{"line":112,"column":25},"end":{"line":112,"column":26}},"loc":{"start":{"line":112,"column":33},"end":{"line":112,"column":119}},"line":112},"19":{"name":"(anonymous_19)","decl":{"start":{"line":112,"column":83},"end":{"line":112,"column":84}},"loc":{"start":{"line":112,"column":89},"end":{"line":112,"column":116}},"line":112}},"branchMap":{"0":{"loc":{"start":{"line":24,"column":2},"end":{"line":28,"column":3}},"type":"if","locations":[{"start":{"line":24,"column":2},"end":{"line":28,"column":3}},{"start":{},"end":{}}],"line":24},"1":{"loc":{"start":{"line":38,"column":35},"end":{"line":38,"column":67}},"type":"cond-expr","locations":[{"start":{"line":38,"column":52},"end":{"line":38,"column":56}},{"start":{"line":38,"column":59},"end":{"line":38,"column":67}}],"line":38},"2":{"loc":{"start":{"line":70,"column":22},"end":{"line":70,"column":85}},"type":"cond-expr","locations":[{"start":{"line":70,"column":32},"end":{"line":70,"column":37}},{"start":{"line":70,"column":40},"end":{"line":70,"column":85}}],"line":70},"3":{"loc":{"start":{"line":97,"column":5},"end":{"line":102,"column":12}},"type":"cond-expr","locations":[{"start":{"line":98,"column":7},"end":{"line":98,"column":18}},{"start":{"line":99,"column":7},"end":{"line":102,"column":12}}],"line":97},"4":{"loc":{"start":{"line":108,"column":16},"end":{"line":108,"column":45}},"type":"cond-expr","locations":[{"start":{"line":108,"column":26},"end":{"line":108,"column":37}},{"start":{"line":108,"column":40},"end":{"line":108,"column":45}}],"line":108}},"s":{"0":0,"1":0,"2":0,"3":0,"4":0,"5":0,"6":0,"7":0,"8":0,"9":0,"10":0,"11":0,"12":0,"13":0,"14":0,"15":0,"16":0,"17":0,"18":0,"19":0,"20":0,"21":0,"22":0,"23":0,"24":0,"25":0,"26":0,"27":0,"28":0,"29":0,"30":0,"31":0,"32":0,"33":0,"34":0,"35":0,"36":0,"37":0,"38":0,"39":0,"40":0,"41":0,"42":0,"43":0,"44":0,"45":0,"46":0,"47":0,"48":0},"f":{"0":0,"1":0,"2":0,"3":0,"4":0,"5":0,"6":0,"7":0,"8":0,"9":0,"10":0,"11":0,"12":0,"13":0,"14":0,"15":0,"16":0,"17":0,"18":0,"19":0},"b":{"0":[0,0],"1":[0,0],"2":[0,0],"3":[0,0],"4":[0,0]}}
,"/Users/russelsy/Desktop/fullstackopen/playground/src/main.jsx": {"path":"/Users/russelsy/Desktop/fullstackopen/playground/src/main.jsx","statementMap":{"0":{"start":{"line":4,"column":0},"end":{"line":4,"column":68}}},"fnMap":{},"branchMap":{},"s":{"0":0},"f":{},"b":{}}
,"/Users/russelsy/Desktop/fullstackopen/playground/src/components/LoginForm.jsx": {"path":"/Users/russelsy/Desktop/fullstackopen/playground/src/components/LoginForm.jsx","statementMap":{"0":{"start":{"line":3,"column":18},"end":{"line":27,"column":1}},"1":{"start":{"line":4,"column":33},"end":{"line":4,"column":45}},"2":{"start":{"line":5,"column":33},"end":{"line":5,"column":45}},"3":{"start":{"line":7,"column":15},"end":{"line":12,"column":2}},"4":{"start":{"line":8,"column":2},"end":{"line":8,"column":24}},"5":{"start":{"line":9,"column":2},"end":{"line":9,"column":37}},"6":{"start":{"line":10,"column":2},"end":{"line":10,"column":17}},"7":{"start":{"line":11,"column":2},"end":{"line":11,"column":17}},"8":{"start":{"line":14,"column":1},"end":{"line":26,"column":2}},"9":{"start":{"line":18,"column":82},"end":{"line":18,"column":107}},"10":{"start":{"line":22,"column":86},"end":{"line":22,"column":111}}},"fnMap":{"0":{"name":"(anonymous_0)","decl":{"start":{"line":3,"column":18},"end":{"line":3,"column":19}},"loc":{"start":{"line":3,"column":39},"end":{"line":27,"column":1}},"line":3},"1":{"name":"(anonymous_1)","decl":{"start":{"line":7,"column":15},"end":{"line":7,"column":16}},"loc":{"start":{"line":7,"column":26},"end":{"line":12,"column":2}},"line":7},"2":{"name":"(anonymous_2)","decl":{"start":{"line":18,"column":66},"end":{"line":18,"column":67}},"loc":{"start":{"line":18,"column":82},"end":{"line":18,"column":107}},"line":18},"3":{"name":"(anonymous_3)","decl":{"start":{"line":22,"column":70},"end":{"line":22,"column":71}},"loc":{"start":{"line":22,"column":86},"end":{"line":22,"column":111}},"line":22}},"branchMap":{},"s":{"0":0,"1":0,"2":0,"3":0,"4":0,"5":0,"6":0,"7":0,"8":0,"9":0,"10":0},"f":{"0":0,"1":0,"2":0,"3":0},"b":{}}
,"/Users/russelsy/Desktop/fullstackopen/playground/src/components/Note.jsx": {"path":"/Users/russelsy/Desktop/fullstackopen/playground/src/components/Note.jsx","statementMap":{"0":{"start":{"line":1,"column":13},"end":{"line":11,"column":1}},"1":{"start":{"line":2,"column":16},"end":{"line":2,"column":72}},"2":{"start":{"line":3,"column":2},"end":{"line":10,"column":3}}},"fnMap":{"0":{"name":"(anonymous_0)","decl":{"start":{"line":1,"column":13},"end":{"line":1,"column":14}},"loc":{"start":{"line":1,"column":45},"end":{"line":11,"column":1}},"line":1}},"branchMap":{"0":{"loc":{"start":{"line":2,"column":16},"end":{"line":2,"column":72}},"type":"cond-expr","locations":[{"start":{"line":2,"column":33},"end":{"line":2,"column":53}},{"start":{"line":2,"column":56},"end":{"line":2,"column":72}}],"line":2}},"s":{"0":1,"1":2,"2":2},"f":{"0":2},"b":{"0":[2,0]},"_coverageSchema":"1a1c01bbd47fc00a2c39e90264f33305004495a9","hash":"e77fff10d5b8122dd9d92af31a20069afe69a5f2"}
,"/Users/russelsy/Desktop/fullstackopen/playground/src/components/NoteForm.jsx": {"path":"/Users/russelsy/Desktop/fullstackopen/playground/src/components/NoteForm.jsx","statementMap":{"0":{"start":{"line":3,"column":17},"end":{"line":27,"column":1}},"1":{"start":{"line":4,"column":31},"end":{"line":4,"column":43}},"2":{"start":{"line":6,"column":17},"end":{"line":13,"column":2}},"3":{"start":{"line":7,"column":2},"end":{"line":7,"column":24}},"4":{"start":{"line":8,"column":2},"end":{"line":11,"column":4}},"5":{"start":{"line":12,"column":2},"end":{"line":12,"column":16}},"6":{"start":{"line":14,"column":1},"end":{"line":26,"column":2}},"7":{"start":{"line":19,"column":21},"end":{"line":19,"column":47}}},"fnMap":{"0":{"name":"(anonymous_0)","decl":{"start":{"line":3,"column":17},"end":{"line":3,"column":18}},"loc":{"start":{"line":3,"column":37},"end":{"line":27,"column":1}},"line":3},"1":{"name":"(anonymous_1)","decl":{"start":{"line":6,"column":17},"end":{"line":6,"column":18}},"loc":{"start":{"line":6,"column":28},"end":{"line":13,"column":2}},"line":6},"2":{"name":"(anonymous_2)","decl":{"start":{"line":19,"column":16},"end":{"line":19,"column":17}},"loc":{"start":{"line":19,"column":21},"end":{"line":19,"column":47}},"line":19}},"branchMap":{},"s":{"0":1,"1":31,"2":31,"3":1,"4":1,"5":1,"6":31,"7":29},"f":{"0":31,"1":1,"2":29},"b":{},"_coverageSchema":"1a1c01bbd47fc00a2c39e90264f33305004495a9","hash":"8e63f4af62c31e95d3ddf850e0977d67dae21480"}
,"/Users/russelsy/Desktop/fullstackopen/playground/src/components/Notification.jsx": {"path":"/Users/russelsy/Desktop/fullstackopen/playground/src/components/Notification.jsx","statementMap":{"0":{"start":{"line":3,"column":21},"end":{"line":12,"column":1}},"1":{"start":{"line":4,"column":2},"end":{"line":6,"column":3}},"2":{"start":{"line":5,"column":4},"end":{"line":5,"column":15}},"3":{"start":{"line":7,"column":2},"end":{"line":11,"column":3}},"4":{"start":{"line":14,"column":20},"end":{"line":16,"column":1}}},"fnMap":{"0":{"name":"(anonymous_0)","decl":{"start":{"line":3,"column":21},"end":{"line":3,"column":22}},"loc":{"start":{"line":3,"column":38},"end":{"line":12,"column":1}},"line":3}},"branchMap":{"0":{"loc":{"start":{"line":4,"column":2},"end":{"line":6,"column":3}},"type":"if","locations":[{"start":{"line":4,"column":2},"end":{"line":6,"column":3}},{"start":{},"end":{}}],"line":4}},"s":{"0":0,"1":0,"2":0,"3":0,"4":0},"f":{"0":0},"b":{"0":[0,0]}}
,"/Users/russelsy/Desktop/fullstackopen/playground/src/components/Togglable.jsx": {"path":"/Users/russelsy/Desktop/fullstackopen/playground/src/components/Togglable.jsx","statementMap":{"0":{"start":{"line":4,"column":18},"end":{"line":31,"column":2}},"1":{"start":{"line":5,"column":31},"end":{"line":5,"column":46}},"2":{"start":{"line":7,"column":25},"end":{"line":7,"column":59}},"3":{"start":{"line":8,"column":25},"end":{"line":8,"column":59}},"4":{"start":{"line":10,"column":26},"end":{"line":12,"column":2}},"5":{"start":{"line":11,"column":2},"end":{"line":11,"column":22}},"6":{"start":{"line":14,"column":1},"end":{"line":18,"column":3}},"7":{"start":{"line":15,"column":2},"end":{"line":17,"column":3}},"8":{"start":{"line":20,"column":1},"end":{"line":30,"column":2}},"9":{"start":{"line":33,"column":0},"end":{"line":35,"column":1}},"10":{"start":{"line":37,"column":0},"end":{"line":37,"column":36}}},"fnMap":{"0":{"name":"(anonymous_0)","decl":{"start":{"line":4,"column":29},"end":{"line":4,"column":30}},"loc":{"start":{"line":4,"column":46},"end":{"line":31,"column":1}},"line":4},"1":{"name":"(anonymous_1)","decl":{"start":{"line":10,"column":26},"end":{"line":10,"column":27}},"loc":{"start":{"line":10,"column":32},"end":{"line":12,"column":2}},"line":10},"2":{"name":"(anonymous_2)","decl":{"start":{"line":14,"column":27},"end":{"line":14,"column":28}},"loc":{"start":{"line":14,"column":33},"end":{"line":18,"column":2}},"line":14}},"branchMap":{"0":{"loc":{"start":{"line":7,"column":36},"end":{"line":7,"column":57}},"type":"cond-expr","locations":[{"start":{"line":7,"column":46},"end":{"line":7,"column":52}},{"start":{"line":7,"column":55},"end":{"line":7,"column":57}}],"line":7},"1":{"loc":{"start":{"line":8,"column":36},"end":{"line":8,"column":57}},"type":"cond-expr","locations":[{"start":{"line":8,"column":46},"end":{"line":8,"column":48}},{"start":{"line":8,"column":51},"end":{"line":8,"column":57}}],"line":8}},"s":{"0":1,"1":7,"2":7,"3":7,"4":7,"5":3,"6":7,"7":0,"8":7,"9":1,"10":1},"f":{"0":7,"1":3,"2":0},"b":{"0":[2,5],"1":[2,5]},"_coverageSchema":"1a1c01bbd47fc00a2c39e90264f33305004495a9","hash":"9e34bae9656f59cb65a66462e373b802e7006345"}
,"/Users/russelsy/Desktop/fullstackopen/playground/src/services/login.js": {"path":"/Users/russelsy/Desktop/fullstackopen/playground/src/services/login.js","statementMap":{"0":{"start":{"line":2,"column":16},"end":{"line":2,"column":28}},"1":{"start":{"line":4,"column":14},"end":{"line":7,"column":1}},"2":{"start":{"line":5,"column":18},"end":{"line":5,"column":56}},"3":{"start":{"line":6,"column":1},"end":{"line":6,"column":21}}},"fnMap":{"0":{"name":"(anonymous_0)","decl":{"start":{"line":4,"column":14},"end":{"line":4,"column":15}},"loc":{"start":{"line":4,"column":37},"end":{"line":7,"column":1}},"line":4}},"branchMap":{},"s":{"0":0,"1":0,"2":0,"3":0},"f":{"0":0},"b":{}}
,"/Users/russelsy/Desktop/fullstackopen/playground/src/services/notes.js": {"path":"/Users/russelsy/Desktop/fullstackopen/playground/src/services/notes.js","statementMap":{"0":{"start":{"line":2,"column":16},"end":{"line":2,"column":28}},"1":{"start":{"line":4,"column":12},"end":{"line":4,"column":16}},"2":{"start":{"line":6,"column":17},"end":{"line":8,"column":1}},"3":{"start":{"line":7,"column":1},"end":{"line":7,"column":29}},"4":{"start":{"line":10,"column":15},"end":{"line":13,"column":1}},"5":{"start":{"line":11,"column":18},"end":{"line":11,"column":36}},"6":{"start":{"line":12,"column":2},"end":{"line":12,"column":48}},"7":{"start":{"line":12,"column":34},"end":{"line":12,"column":47}},"8":{"start":{"line":15,"column":15},"end":{"line":22,"column":1}},"9":{"start":{"line":16,"column":16},"end":{"line":18,"column":2}},"10":{"start":{"line":20,"column":18},"end":{"line":20,"column":62}},"11":{"start":{"line":21,"column":1},"end":{"line":21,"column":21}},"12":{"start":{"line":24,"column":15},"end":{"line":27,"column":1}},"13":{"start":{"line":25,"column":18},"end":{"line":25,"column":58}},"14":{"start":{"line":26,"column":2},"end":{"line":26,"column":48}},"15":{"start":{"line":26,"column":34},"end":{"line":26,"column":47}}},"fnMap":{"0":{"name":"(anonymous_0)","decl":{"start":{"line":6,"column":17},"end":{"line":6,"column":18}},"loc":{"start":{"line":6,"column":29},"end":{"line":8,"column":1}},"line":6},"1":{"name":"(anonymous_1)","decl":{"start":{"line":10,"column":15},"end":{"line":10,"column":16}},"loc":{"start":{"line":10,"column":21},"end":{"line":13,"column":1}},"line":10},"2":{"name":"(anonymous_2)","decl":{"start":{"line":12,"column":22},"end":{"line":12,"column":23}},"loc":{"start":{"line":12,"column":34},"end":{"line":12,"column":47}},"line":12},"3":{"name":"(anonymous_3)","decl":{"start":{"line":15,"column":15},"end":{"line":15,"column":16}},"loc":{"start":{"line":15,"column":34},"end":{"line":22,"column":1}},"line":15},"4":{"name":"(anonymous_4)","decl":{"start":{"line":24,"column":15},"end":{"line":24,"column":16}},"loc":{"start":{"line":24,"column":34},"end":{"line":27,"column":1}},"line":24},"5":{"name":"(anonymous_5)","decl":{"start":{"line":26,"column":22},"end":{"line":26,"column":23}},"loc":{"start":{"line":26,"column":34},"end":{"line":26,"column":47}},"line":26}},"branchMap":{},"s":{"0":0,"1":0,"2":0,"3":0,"4":0,"5":0,"6":0,"7":0,"8":0,"9":0,"10":0,"11":0,"12":0,"13":0,"14":0,"15":0},"f":{"0":0,"1":0,"2":0,"3":0,"4":0,"5":0},"b":{}}
}
